<?xml version="1.0" encoding="UTF-8"?>
<!-- Generated by org.testng.reporters.JUnitReportReporter -->
<testsuite skipped="0" hostname="PUNasarkar7WJHC9.local" name="SikuliScriptTest" tests="1" failures="0" timestamp="2019-11-17T20:59:20 IST" time="2.986" errors="0">
  <testcase name="YouTubeAutomate" time="2.986" classname="SikuliScriptTest"/>
</testsuite> <!-- SikuliScriptTest -->
