<?xml version="1.0" encoding="UTF-8"?>
<!-- Generated by org.testng.reporters.JUnitReportReporter -->
<testsuite skipped="0" hostname="PUNasarkar7WJHC9.local" name="seleniumGRID.Node2" tests="1" failures="0" timestamp="2019-12-25T21:40:05 IST" time="7.168" errors="0">
  <testcase name="testMethodNode2" time="7.168" classname="seleniumGRID.Node2"/>
</testsuite> <!-- seleniumGRID.Node2 -->
