<?xml version="1.0" encoding="UTF-8"?>
<!-- Generated by org.testng.reporters.JUnitReportReporter -->
<testsuite skipped="0" hostname="PUNasarkar7WJHC9.local" name="seleniumGRID.Node1" tests="1" failures="0" timestamp="2019-12-25T17:59:14 IST" time="49709.375" errors="0">
  <testcase name="testMethod" time="49709.375" classname="seleniumGRID.Node1"/>
</testsuite> <!-- seleniumGRID.Node1 -->
