<?xml version="1.0" encoding="UTF-8"?>
<!-- Generated by org.testng.reporters.JUnitReportReporter -->
<testsuite skipped="0" hostname="PUNasarkar7WJHC9.local" name="practiceJavaPrograms.Test" tests="1" failures="0" timestamp="2019-10-21T02:08:10 IST" time="15.595" errors="0">
  <testcase name="testMethod" time="15.595" classname="practiceJavaPrograms.Test"/>
</testsuite> <!-- practiceJavaPrograms.Test -->
