<?xml version="1.0" encoding="UTF-8"?>
<!-- Generated by org.testng.reporters.JUnitReportReporter -->
<testsuite skipped="0" hostname="PUNasarkar7WJHC9.local" name="excelUtilityClassNaveen.DataDrivenTest" tests="1" failures="0" timestamp="2019-10-02T01:36:02 IST" time="12.081" errors="0">
  <testcase name="testMethodDDT" time="12.081" classname="excelUtilityClassNaveen.DataDrivenTest"/>
</testsuite> <!-- excelUtilityClassNaveen.DataDrivenTest -->
