<?xml version="1.0" encoding="UTF-8"?>
<!-- Generated by org.testng.reporters.JUnitReportReporter -->
<testsuite skipped="0" hostname="PUNasarkar7WJHC9.local"
	name="excelUtilityClassNaveen.Parameterization" tests="1" failures="0"
	timestamp="2019-10-03T02:29:19 IST" time="26.052" errors="0">
	<testcase name="testParameterize" time="26.052"
		classname="excelUtilityClassNaveen.Parameterization" />
</testsuite> <!-- excelUtilityClassNaveen.Parameterization -->
