<?xml version="1.0" encoding="UTF-8"?>
<!-- Generated by org.testng.reporters.JUnitReportReporter -->
<testsuite skipped="0" hostname="PUNasarkar7WJHC9.local" name="testScripts.TC_MercuryTours_Login" tests="1" failures="0" timestamp="2019-09-15T22:39:03 IST" time="8.547" errors="0">
  <testcase name="Script1" time="8.547" classname="testScripts.TC_MercuryTours_Login"/>
</testsuite> <!-- testScripts.TC_MercuryTours_Login -->
