<?xml version="1.0" encoding="UTF-8"?>
<!-- Generated by org.testng.reporters.JUnitReportReporter -->
<testsuite skipped="0" hostname="PUNasarkar7WJHC9.local" name="basicAnnotations.M3.Scenario_5" tests="3" failures="0" timestamp="2019-09-01T11:38:10 IST" time="0.005" errors="0">
  <testcase name="test3" time="0.001" classname="basicAnnotations.M3.Scenario_5"/>
  <testcase name="test1" time="0.002" classname="basicAnnotations.M3.Scenario_5"/>
  <testcase name="test2" time="0.002" classname="basicAnnotations.M3.Scenario_5"/>
</testsuite> <!-- basicAnnotations.M3.Scenario_5 -->
