<?xml version="1.0" encoding="UTF-8"?>
<!-- Generated by org.testng.reporters.JUnitReportReporter -->
<testsuite skipped="0" hostname="PUNasarkar7WJHC9.local" name="com.aut.qa.testScripts.LoginPageTest" tests="3" failures="0" timestamp="2019-10-30T12:47:48 IST" time="38.380" errors="0">
  <testcase name="loginPagetitleTest" time="8.165" classname="com.aut.qa.testScripts.LoginPageTest"/>
  <testcase name="CRMImageTest" time="7.286" classname="com.aut.qa.testScripts.LoginPageTest"/>
  <testcase name="loginTest" time="22.929" classname="com.aut.qa.testScripts.LoginPageTest"/>
</testsuite> <!-- com.aut.qa.testScripts.LoginPageTest -->
