<?xml version="1.0" encoding="UTF-8"?>
<!-- Generated by org.testng.reporters.JUnitReportReporter -->
<testsuite skipped="0" hostname="PUNasarkar7WJHC9.local" name="com.aut.qa.testScripts.ContactsPageTest" tests="3" failures="0" timestamp="2019-10-25T21:47:05 IST" time="42.541" errors="0">
  <testcase name="verifyContactsLabel" time="13.656" classname="com.aut.qa.testScripts.ContactsPageTest"/>
  <testcase name="selectContactsName" time="14.102" classname="com.aut.qa.testScripts.ContactsPageTest"/>
  <testcase name="validateCreateNewContact" time="14.783" classname="com.aut.qa.testScripts.ContactsPageTest"/>
</testsuite> <!-- com.aut.qa.testScripts.ContactsPageTest -->
