<?xml version="1.0" encoding="UTF-8"?>
<!-- Generated by org.testng.reporters.JUnitReportReporter -->
<testsuite skipped="0" hostname="PUNasarkar7WJHC9.local" name="com.aut.qa.testScripts.HomePageTest" tests="4" failures="0" timestamp="2019-10-25T21:22:56 IST" time="51.232" errors="0">
  <testcase name="homePagetitleTest" time="13.733" classname="com.aut.qa.testScripts.HomePageTest"/>
  <testcase name="verifyContactLinkTest" time="12.348" classname="com.aut.qa.testScripts.HomePageTest"/>
  <testcase name="UserNameDisplayTest" time="12.258" classname="com.aut.qa.testScripts.HomePageTest"/>
  <testcase name="verifyUserNametest" time="12.893" classname="com.aut.qa.testScripts.HomePageTest"/>
</testsuite> <!-- com.aut.qa.testScripts.HomePageTest -->
