<?xml version="1.0" encoding="UTF-8"?>
<!-- Generated by org.testng.reporters.JUnitReportReporter -->
<testsuite skipped="0" hostname="PUNasarkar7WJHC9.local" name="com.aut.qa.testScripts.ContactsPageTest" tests="3" failures="0" timestamp="2019-10-26T20:43:06 IST" time="43.000" errors="0">
  <testcase name="verifyContactsLabel" time="13.538" classname="com.aut.qa.testScripts.ContactsPageTest"/>
  <testcase name="selectContactsName" time="15.457" classname="com.aut.qa.testScripts.ContactsPageTest"/>
  <testcase name="validateCreateNewContact" time="14.005" classname="com.aut.qa.testScripts.ContactsPageTest"/>
</testsuite> <!-- com.aut.qa.testScripts.ContactsPageTest -->
