<?xml version="1.0" encoding="UTF-8"?>
<!-- Generated by org.testng.reporters.JUnitReportReporter -->
<testsuite skipped="0" hostname="PUNasarkar7WJHC9.local" name="com.aut.qa.testScripts.LoginPageTest" tests="3" failures="0" timestamp="2019-10-20T22:01:12 IST" time="45.250" errors="0">
  <testcase name="loginPagetitleTest" time="10.723" classname="com.aut.qa.testScripts.LoginPageTest"/>
  <testcase name="CRMImageTest" time="8.470" classname="com.aut.qa.testScripts.LoginPageTest"/>
  <testcase name="loginTest" time="26.057" classname="com.aut.qa.testScripts.LoginPageTest"/>
</testsuite> <!-- com.aut.qa.testScripts.LoginPageTest -->
