<?xml version="1.0" encoding="UTF-8"?>
<!-- Generated by org.testng.reporters.JUnitReportReporter -->
<testsuite skipped="0" hostname="PUNasarkar7WJHC9.local" name="com.aut.qa.testScripts.ContactsPageTest" tests="2" failures="0" timestamp="2019-10-21T17:44:48 IST" time="61.688" errors="0">
  <testcase name="verifyContactsLabel" time="18.614" classname="com.aut.qa.testScripts.ContactsPageTest"/>
  <testcase name="selectContactsName" time="43.074" classname="com.aut.qa.testScripts.ContactsPageTest"/>
</testsuite> <!-- com.aut.qa.testScripts.ContactsPageTest -->
