<?xml version="1.0" encoding="UTF-8"?>
<!-- Generated by org.testng.reporters.JUnitReportReporter -->
<testsuite skipped="0" hostname="PUNasarkar7WJHC9.local" name="com.aut.qa.testScripts.HomePageTest" tests="4" failures="0" timestamp="2019-10-30T17:08:50 IST" time="68.090" errors="0">
  <testcase name="verifyContactLinkTest" time="17.450" classname="com.aut.qa.testScripts.HomePageTest"/>
  <testcase name="homePagetitleTest" time="17.182" classname="com.aut.qa.testScripts.HomePageTest"/>
  <testcase name="UserNameDisplayTest" time="17.013" classname="com.aut.qa.testScripts.HomePageTest"/>
  <testcase name="verifyUserNametest" time="16.445" classname="com.aut.qa.testScripts.HomePageTest"/>
</testsuite> <!-- com.aut.qa.testScripts.HomePageTest -->
