<?xml version="1.0" encoding="UTF-8"?>
<!-- Generated by org.testng.reporters.JUnitReportReporter -->
<testsuite skipped="0" hostname="PUNasarkar7WJHC9.local" name="com.aut.qa.testScripts.LoginPageTest" tests="3" failures="0" timestamp="2019-10-23T23:17:04 IST" time="39.431" errors="0">
  <testcase name="loginPagetitleTest" time="7.770" classname="com.aut.qa.testScripts.LoginPageTest"/>
  <testcase name="CRMImageTest" time="11.262" classname="com.aut.qa.testScripts.LoginPageTest"/>
  <testcase name="loginTest" time="20.399" classname="com.aut.qa.testScripts.LoginPageTest"/>
</testsuite> <!-- com.aut.qa.testScripts.LoginPageTest -->
