<?xml version="1.0" encoding="UTF-8"?>
<!-- Generated by org.testng.reporters.JUnitReportReporter -->
<testsuite skipped="3" hostname="PUNasarkar7WJHC9.local" name="com.aut.qa.testScripts.HomePageTest" tests="4" failures="0" timestamp="2019-10-21T02:38:13 IST" time="19.670" errors="0">
  <testcase name="verifyContactLinkTest" time="19.670" classname="com.aut.qa.testScripts.HomePageTest"/>
  <testcase name="homePagetitleTest" classname="com.aut.qa.testScripts.HomePageTest">
    <skipped/>
  </testcase> <!-- homePagetitleTest -->
  <testcase name="verifyUserNametest" classname="com.aut.qa.testScripts.HomePageTest">
    <skipped/>
  </testcase> <!-- verifyUserNametest -->
  <testcase name="UserNameDisplayTest" classname="com.aut.qa.testScripts.HomePageTest">
    <skipped/>
  </testcase> <!-- UserNameDisplayTest -->
</testsuite> <!-- com.aut.qa.testScripts.HomePageTest -->
