<?xml version="1.0" encoding="UTF-8"?>
<!-- Generated by org.testng.reporters.JUnitReportReporter -->
<testsuite skipped="0" hostname="PUNasarkar7WJHC9.local" name="com.aut.qa.testScripts.HomePageTest" tests="4" failures="0" timestamp="2019-10-26T22:12:01 IST" time="64.984" errors="0">
  <testcase name="homePagetitleTest" time="14.245" classname="com.aut.qa.testScripts.HomePageTest"/>
  <testcase name="verifyContactLinkTest" time="13.622" classname="com.aut.qa.testScripts.HomePageTest"/>
  <testcase name="UserNameDisplayTest" time="21.539" classname="com.aut.qa.testScripts.HomePageTest"/>
  <testcase name="verifyUserNametest" time="15.578" classname="com.aut.qa.testScripts.HomePageTest"/>
</testsuite> <!-- com.aut.qa.testScripts.HomePageTest -->
