<?xml version="1.0" encoding="UTF-8"?>
<!-- Generated by org.testng.reporters.JUnitReportReporter -->
<testsuite skipped="0" hostname="PUNasarkar7WJHC9.local" name="com.aut.qa.testScripts.ContactsPageTest" tests="3" failures="0" timestamp="2019-10-30T12:47:48 IST" time="60.698" errors="0">
  <testcase name="verifyContactsLabel" time="19.222" classname="com.aut.qa.testScripts.ContactsPageTest"/>
  <testcase name="selectContactsName" time="20.299" classname="com.aut.qa.testScripts.ContactsPageTest"/>
  <testcase name="validateCreateNewContact" time="21.177" classname="com.aut.qa.testScripts.ContactsPageTest"/>
</testsuite> <!-- com.aut.qa.testScripts.ContactsPageTest -->
