<?xml version="1.0" encoding="UTF-8"?>
<!-- Generated by org.testng.reporters.JUnitReportReporter -->
<testsuite skipped="0" hostname="PUNasarkar7WJHC9.local" name="com.aut.qa.testScripts.HomePageTest" tests="4" failures="0" timestamp="2019-10-30T12:47:48 IST" time="74.961" errors="0">
  <testcase name="verifyContactLinkTest" time="18.705" classname="com.aut.qa.testScripts.HomePageTest"/>
  <testcase name="homePagetitleTest" time="17.435" classname="com.aut.qa.testScripts.HomePageTest"/>
  <testcase name="UserNameDisplayTest" time="18.082" classname="com.aut.qa.testScripts.HomePageTest"/>
  <testcase name="verifyUserNametest" time="20.739" classname="com.aut.qa.testScripts.HomePageTest"/>
</testsuite> <!-- com.aut.qa.testScripts.HomePageTest -->
