<?xml version="1.0" encoding="UTF-8"?>
<!-- Generated by org.testng.reporters.JUnitReportReporter -->
<testsuite skipped="0" hostname="PUNasarkar7WJHC9.local" name="com.aut.qa.testScripts.ContactsPageTest" tests="3" failures="0" timestamp="2019-10-30T17:08:50 IST" time="58.606" errors="0">
  <testcase name="verifyContactsLabel" time="18.775" classname="com.aut.qa.testScripts.ContactsPageTest"/>
  <testcase name="selectContactsName" time="18.761" classname="com.aut.qa.testScripts.ContactsPageTest"/>
  <testcase name="validateCreateNewContact" time="21.070" classname="com.aut.qa.testScripts.ContactsPageTest"/>
</testsuite> <!-- com.aut.qa.testScripts.ContactsPageTest -->
