<?xml version="1.0" encoding="UTF-8"?>
<!-- Generated by org.testng.reporters.JUnitReportReporter -->
<testsuite skipped="0" hostname="PUNasarkar7WJHC9.local" name="basicSelenium.DynamicWebTable_13" tests="1" failures="0" timestamp="2019-09-22T00:43:07 IST" time="19.166" errors="0">
  <testcase name="testMethodDWT" time="19.166" classname="basicSelenium.DynamicWebTable_13"/>
</testsuite> <!-- basicSelenium.DynamicWebTable_13 -->
