<?xml version="1.0" encoding="UTF-8"?>
<!-- Generated by org.testng.reporters.JUnitReportReporter -->
<testsuite skipped="0" hostname="PUNasarkar7WJHC9.local" name="basicSelenium.BrokenLinksAndImages_18" tests="1" failures="0" timestamp="2019-11-04T20:26:16 IST" time="280.380" errors="0">
  <testcase name="testMethodBrokenLinksandImages" time="280.380" classname="basicSelenium.BrokenLinksAndImages_18"/>
</testsuite> <!-- basicSelenium.BrokenLinksAndImages_18 -->
