<?xml version="1.0" encoding="UTF-8"?>
<!-- Generated by org.testng.reporters.JUnitReportReporter -->
<testsuite skipped="0" hostname="PUNasarkar7WJHC9.local" name="basicSelenium.Handling_Frames_4" tests="1" failures="0" timestamp="2019-09-13T13:47:16 IST" time="16.223" errors="0">
  <testcase name="testMethodIframe" time="16.223" classname="basicSelenium.Handling_Frames_4"/>
</testsuite> <!-- basicSelenium.Handling_Frames_4 -->
