<?xml version="1.0" encoding="UTF-8"?>
<!-- Generated by org.testng.reporters.JUnitReportReporter -->
<testsuite skipped="0" hostname="PUNasarkar7WJHC9-f22e" name="testNG_1.TestNGBasicAnnotaions_1" tests="3" failures="0" timestamp="2019-09-30T13:15:29 IST" time="0.007" errors="0">
  <testcase name="testMethod3" time="0.005" classname="testNG_1.TestNGBasicAnnotaions_1"/>
  <testcase name="testMethod2" time="0.002" classname="testNG_1.TestNGBasicAnnotaions_1"/>
  <testcase name="testMethod1" time="0.000" classname="testNG_1.TestNGBasicAnnotaions_1"/>
</testsuite> <!-- testNG_1.TestNGBasicAnnotaions_1 -->
