<?xml version="1.0" encoding="UTF-8"?>
<!-- Generated by org.testng.reporters.JUnitReportReporter -->
<testsuite skipped="0" hostname="PUNasarkar7WJHC9.local" name="basicSelenium.StaticWebTable_14" tests="1" failures="0" timestamp="2019-09-22T01:49:57 IST" time="5.292" errors="0">
  <testcase name="testMethodSWT" time="5.292" classname="basicSelenium.StaticWebTable_14"/>
</testsuite> <!-- basicSelenium.StaticWebTable_14 -->
