<?xml version="1.0" encoding="UTF-8"?>
<!-- Generated by org.testng.reporters.JUnitReportReporter -->
<testsuite skipped="0" hostname="PUNasarkar7WJHC9.local" name="basicSelenium.BasicSelenium" tests="1" failures="0" timestamp="2019-09-12T16:53:17 IST" time="37.123" errors="0">
  <testcase name="testMethod" time="37.123" classname="basicSelenium.BasicSelenium"/>
</testsuite> <!-- basicSelenium.BasicSelenium -->
