<?xml version="1.0" encoding="UTF-8"?>
<!-- Generated by org.testng.reporters.JUnitReportReporter -->
<testsuite skipped="0" hostname="PUNasarkar7WJHC9.local" name="basicSelenium.BootStrapDropDownHandling_17" tests="1" failures="0" timestamp="2019-10-13T18:51:39 IST" time="20.254" errors="0">
  <testcase name="testMethodBSD" time="20.254" classname="basicSelenium.BootStrapDropDownHandling_17"/>
</testsuite> <!-- basicSelenium.BootStrapDropDownHandling_17 -->
