<?xml version="1.0" encoding="UTF-8"?>
<!-- Generated by org.testng.reporters.JUnitReportReporter -->
<testsuite skipped="0" hostname="PUNasarkar7WJHC9.local" name="basicSelenium.ScreenShotAndExplicitWait_10" tests="1" failures="0" timestamp="2019-09-15T23:19:28 IST" time="5.204" errors="0">
  <testcase name="testMethoodSC" time="5.204" classname="basicSelenium.ScreenShotAndExplicitWait_10"/>
</testsuite> <!-- basicSelenium.ScreenShotAndExplicitWait_10 -->
