<?xml version="1.0" encoding="UTF-8"?>
<!-- Generated by org.testng.reporters.JUnitReportReporter -->
<testsuite skipped="0" hostname="PUNasarkar7WJHC9.local" name="basicSelenium.JavaScriptExecutorConcept_12" tests="1" failures="0" timestamp="2019-09-20T00:01:59 IST" time="7.875" errors="0">
  <testcase name="testMethodJSE" time="7.875" classname="basicSelenium.JavaScriptExecutorConcept_12"/>
</testsuite> <!-- basicSelenium.JavaScriptExecutorConcept_12 -->
