<?xml version="1.0" encoding="UTF-8"?>
<!-- Generated by org.testng.reporters.JUnitReportReporter -->
<testsuite skipped="0" hostname="PUNasarkar7WJHC9.local" name="basicSelenium.WebTableConcepts" tests="1" failures="0" timestamp="2019-09-22T23:05:24 IST" time="81.054" errors="0">
  <testcase name="testMethodSWT" time="81.054" classname="basicSelenium.WebTableConcepts"/>
</testsuite> <!-- basicSelenium.WebTableConcepts -->
