<?xml version="1.0" encoding="UTF-8"?>
<!-- Generated by org.testng.reporters.JUnitReportReporter -->
<testsuite skipped="0" hostname="PUNasarkar7WJHC9.local" name="basicSelenium.HandlingCalenderUsingJSExecutor_16" tests="1" failures="0" timestamp="2019-09-25T02:03:35 IST" time="15.624" errors="0">
  <testcase name="testMethodCJS" time="15.624" classname="basicSelenium.HandlingCalenderUsingJSExecutor_16"/>
</testsuite> <!-- basicSelenium.HandlingCalenderUsingJSExecutor_16 -->
