<?xml version="1.0" encoding="UTF-8"?>
<!-- Generated by org.testng.reporters.JUnitReportReporter -->
<testsuite skipped="0" hostname="PUNasarkar7WJHC9.local" name="basicSelenium.DragAndDropConcept_6" tests="1" failures="0" timestamp="2019-09-14T02:38:44 IST" time="13.796" errors="0">
  <testcase name="testMethodDragAndDrop" time="13.796" classname="basicSelenium.DragAndDropConcept_6"/>
</testsuite> <!-- basicSelenium.DragAndDropConcept_6 -->
