<?xml version="1.0" encoding="UTF-8"?>
<!-- Generated by org.testng.reporters.JUnitReportReporter -->
<testsuite skipped="0" hostname="PUNasarkar7WJHC9.local" name="basicSelenium.BasicInteractionWithWebElements" tests="1" failures="0" timestamp="2019-09-13T00:12:56 IST" time="23.191" errors="0">
  <testcase name="testMethod" time="23.191" classname="basicSelenium.BasicInteractionWithWebElements"/>
</testsuite> <!-- basicSelenium.BasicInteractionWithWebElements -->
