<?xml version="1.0" encoding="UTF-8"?>
<!-- Generated by org.testng.reporters.JUnitReportReporter -->
<testsuite skipped="0" hostname="PUNasarkar7WJHC9.local" name="testNG.TestNGBasicAnnotaions_1" tests="3" failures="0" timestamp="2019-09-29T17:10:57 IST" time="0.010" errors="0">
  <testcase name="testMethod2" time="0.007" classname="testNG.TestNGBasicAnnotaions_1"/>
  <testcase name="testMethod3" time="0.001" classname="testNG.TestNGBasicAnnotaions_1"/>
  <testcase name="testMethod1" time="0.002" classname="testNG.TestNGBasicAnnotaions_1"/>
</testsuite> <!-- testNG.TestNGBasicAnnotaions_1 -->
