<?xml version="1.0" encoding="UTF-8"?>
<!-- Generated by org.testng.reporters.JUnitReportReporter -->
<testsuite skipped="0" hostname="PUNasarkar7WJHC9.local" name="Selenium" tests="1" failures="0" timestamp="2019-09-12T13:34:37 IST" time="0.009" errors="0">
  <testcase name="test" time="0.009" classname="Selenium"/>
</testsuite> <!-- Selenium -->
