<?xml version="1.0" encoding="UTF-8"?>
<!-- Generated by org.testng.reporters.JUnitReportReporter -->
<testsuite skipped="0" hostname="PUNasarkar7WJHC9.local" name="testNG_1.InvocationCountTest" tests="5" failures="0" timestamp="2019-09-30T11:27:55 IST" time="0.017" errors="0">
  <testcase name="test" time="0.012" classname="testNG_1.InvocationCountTest"/>
  <testcase name="test" time="0.001" classname="testNG_1.InvocationCountTest"/>
  <testcase name="test" time="0.001" classname="testNG_1.InvocationCountTest"/>
  <testcase name="test" time="0.001" classname="testNG_1.InvocationCountTest"/>
  <testcase name="test" time="0.002" classname="testNG_1.InvocationCountTest"/>
</testsuite> <!-- testNG_1.InvocationCountTest -->
