<?xml version="1.0" encoding="UTF-8"?>
<!-- Generated by org.testng.reporters.JUnitReportReporter -->
<testsuite skipped="0" hostname="PUNasarkar7WJHC9.local" name="testNGParameters_2.ParameterTest" tests="1" failures="0" timestamp="2019-09-30T14:56:44 IST" time="5.106" errors="0">
  <testcase name="loginTest" time="5.106" classname="testNGParameters_2.ParameterTest"/>
</testsuite> <!-- testNGParameters_2.ParameterTest -->
