<?xml version="1.0" encoding="UTF-8"?>
<!-- Generated by org.testng.reporters.JUnitReportReporter -->
<testsuite skipped="0" hostname="PUNasarkar7WJHC9.local" name="basicSelenium.Handling_FileUpload_PopUp_3" tests="1" failures="0" timestamp="2019-09-13T12:40:25 IST" time="11.789" errors="0">
  <testcase name="testMethodWindowsPopUp" time="11.789" classname="basicSelenium.Handling_FileUpload_PopUp_3"/>
</testsuite> <!-- basicSelenium.Handling_FileUpload_PopUp_3 -->
