<?xml version="1.0" encoding="UTF-8"?>
<!-- Generated by org.testng.reporters.JUnitReportReporter -->
<testsuite skipped="0" hostname="PUNasarkar7WJHC9.local" name="basicSelenium.ReadPropertiesFIle" tests="1" failures="0" timestamp="2019-09-19T00:21:22 IST" time="0.011" errors="0">
  <testcase name="testMethod" time="0.011" classname="basicSelenium.ReadPropertiesFIle"/>
</testsuite> <!-- basicSelenium.ReadPropertiesFIle -->
