<?xml version="1.0" encoding="UTF-8"?>
<!-- Generated by org.testng.reporters.JUnitReportReporter -->
<testsuite skipped="0" hostname="PUNasarkar7WJHC9.local" name="basicSelenium.SliderConcept_7" tests="1" failures="0" timestamp="2019-09-15T22:28:49 IST" time="4.905" errors="0">
  <testcase name="testMethodSlider" time="4.905" classname="basicSelenium.SliderConcept_7"/>
</testsuite> <!-- basicSelenium.SliderConcept_7 -->
