<?xml version="1.0" encoding="UTF-8"?>
<!-- Generated by org.testng.reporters.JUnitReportReporter -->
<testsuite skipped="0" hostname="PUNasarkar7WJHC9.local" name="basicSelenium.HandeleWindowPopUp" tests="1" failures="0" timestamp="2019-09-17T10:51:51 IST" time="28.066" errors="0">
  <testcase name="testMethodWindow" time="28.066" classname="basicSelenium.HandeleWindowPopUp"/>
</testsuite> <!-- basicSelenium.HandeleWindowPopUp -->
