<?xml version="1.0" encoding="UTF-8"?>
<!-- Generated by org.testng.reporters.JUnitReportReporter -->
<testsuite skipped="0" hostname="PUNasarkar7WJHC9.local" name="basicSelenium.MouseMovementConcept_5" tests="1" failures="0" timestamp="2019-09-13T16:06:58 IST" time="9.857" errors="0">
  <testcase name="testMethodMouseMovement" time="9.857" classname="basicSelenium.MouseMovementConcept_5"/>
</testsuite> <!-- basicSelenium.MouseMovementConcept_5 -->
