<?xml version="1.0" encoding="UTF-8"?>
<!-- Generated by org.testng.reporters.JUnitReportReporter -->
<testsuite skipped="0" hostname="PUNasarkar7WJHC9-f22e" name="testNG_1.InvocationCountTest_4" tests="5" failures="0" timestamp="2019-09-30T13:15:29 IST" time="0.004" errors="0">
  <testcase name="test" time="0.001" classname="testNG_1.InvocationCountTest_4"/>
  <testcase name="test" time="0.001" classname="testNG_1.InvocationCountTest_4"/>
  <testcase name="test" time="0.001" classname="testNG_1.InvocationCountTest_4"/>
  <testcase name="test" time="0.001" classname="testNG_1.InvocationCountTest_4"/>
  <testcase name="test" time="0.000" classname="testNG_1.InvocationCountTest_4"/>
</testsuite> <!-- testNG_1.InvocationCountTest_4 -->
