<?xml version="1.0" encoding="UTF-8"?>
<!-- Generated by org.testng.reporters.JUnitReportReporter -->
<testsuite skipped="0" hostname="PUNasarkar7WJHC9.local" name="testNGDataProvider_3.DataProviderTest" tests="3" failures="0" timestamp="2019-10-06T01:19:53 IST" time="16.886" errors="0">
  <testcase name="testMethodDP" time="8.231" classname="testNGDataProvider_3.DataProviderTest"/>
  <testcase name="testMethodDP" time="4.291" classname="testNGDataProvider_3.DataProviderTest"/>
  <testcase name="testMethodDP" time="4.364" classname="testNGDataProvider_3.DataProviderTest"/>
</testsuite> <!-- testNGDataProvider_3.DataProviderTest -->
