<?xml version="1.0" encoding="UTF-8"?>
<!-- Generated by org.testng.reporters.JUnitReportReporter -->
<testsuite skipped="0" hostname="PUNasarkar7WJHC9.local" name="basicSelenium.SeleniumClass2" tests="1" failures="0" timestamp="2019-09-22T01:53:21 IST" time="24.299" errors="0">
  <testcase name="test2" time="24.299" classname="basicSelenium.SeleniumClass2"/>
</testsuite> <!-- basicSelenium.SeleniumClass2 -->
