<?xml version="1.0" encoding="UTF-8"?>
<!-- Generated by org.testng.reporters.JUnitReportReporter -->
<testsuite skipped="0" hostname="PUNasarkar7WJHC9.local" name="basicSelenium.SeleniumClass_1" tests="1" failures="0" timestamp="2019-09-01T12:22:35 IST" time="5.657" errors="0">
  <testcase name="test1" time="5.657" classname="basicSelenium.SeleniumClass_1"/>
</testsuite> <!-- basicSelenium.SeleniumClass_1 -->
