<?xml version="1.0" encoding="UTF-8"?>
<!-- Generated by org.testng.reporters.JUnitReportReporter -->
<testsuite skipped="0" hostname="PUNasarkar7WJHC9.local" name="basicSelenium.SeleniumClass_1" tests="1" failures="0" timestamp="2019-09-07T09:02:11 IST" time="9.650" errors="0">
  <testcase name="test1" time="9.650" classname="basicSelenium.SeleniumClass_1"/>
</testsuite> <!-- basicSelenium.SeleniumClass_1 -->
