<?xml version="1.0" encoding="UTF-8"?>
<!-- Generated by org.testng.reporters.JUnitReportReporter -->
<testsuite skipped="0" hostname="PUNasarkar7WJHC9.local" name="basicSelenium.SeleniumClass2" tests="1" failures="0" timestamp="2019-09-07T11:53:27 IST" time="22.780" errors="0">
  <testcase name="test2" time="22.780" classname="basicSelenium.SeleniumClass2"/>
</testsuite> <!-- basicSelenium.SeleniumClass2 -->
