<?xml version="1.0" encoding="UTF-8"?>
<!-- Generated by org.testng.reporters.JUnitReportReporter -->
<testsuite skipped="0" hostname="PUNasarkar7WJHC9.local" name="basicSelenium.SeleniumtestClass3" tests="1" failures="0" timestamp="2019-10-06T20:29:02 IST" time="14.890" errors="0">
  <testcase name="testMethod" time="14.890" classname="basicSelenium.SeleniumtestClass3"/>
</testsuite> <!-- basicSelenium.SeleniumtestClass3 -->
