<?xml version="1.0" encoding="UTF-8"?>
<!-- Generated by org.testng.reporters.JUnitReportReporter -->
<testsuite skipped="0" hostname="PUNasarkar7WJHC9.local" name="basicSelenium.Flipkart1" tests="1" failures="0" timestamp="2019-09-07T13:07:50 IST" time="5.931" errors="0">
  <testcase name="test1" time="5.931" classname="basicSelenium.Flipkart1"/>
</testsuite> <!-- basicSelenium.Flipkart1 -->
